<?xml version="1.0" encoding="UTF-8"?>
<!-- Generated by org.testng.reporters.JUnitReportReporter -->
<testsuite skipped="0" hostname="INHYDJPACHA" name="tests.SignInTestCases" tests="3" failures="0" timestamp="14 Dec 2020 11:17:22 GMT" time="88.885" errors="0">
  <testcase name="BusinessSignIntestCase" time="29.106" classname="tests.SignInTestCases"/>
  <testcase name="PersonalSignIntestCase" time="32.045" classname="tests.SignInTestCases"/>
  <testcase name="BusinessSignIntestCaseNegative" time="27.734" classname="tests.SignInTestCases"/>
</testsuite> <!-- tests.SignInTestCases -->
