<?xml version="1.0" encoding="UTF-8"?>
<!-- Generated by org.testng.reporters.JUnitReportReporter -->
<testsuite skipped="0" hostname="INHYDJPACHA" name="tests.SignUpTest" tests="2" failures="0" timestamp="14 Dec 2020 11:17:22 GMT" time="67.439" errors="0">
  <testcase name="PersonalSignUptestCase" time="34.333" classname="tests.SignUpTest"/>
  <testcase name="BusinessSignUptestCase" time="33.106" classname="tests.SignUpTest"/>
</testsuite> <!-- tests.SignUpTest -->
